INFO:root:
================= BATCH START =================
Target Q
[0.34019244 0.34736773 0.3474437  0.34698325 0.3452847  0.344636
 0.35452873 0.35294655 0.3515467  0.35095575 0.34909368 0.34705606
 0.3444525  0.35084838 0.3459052  0.34417054 0.34355858 0.34949422
 0.34539753 0.33595166 0.34209356 0.3539007  0.35057524 0.35311145
 0.3518677  0.35160688 0.34766597 0.34630203 0.34928012 0.35811615
 0.3518426  0.35408586]
Current Q
[0.3236493  0.33026108 0.00584708 0.33799487 0.01080856 0.32572684
 0.37056243 0.00686564 0.42949283 0.42570382 0.32281592 0.42511636
 0.00837238 0.0010125  0.42265502 0.33254185 0.364304   0.3646684
 0.01515605 0.3634171  0.00923609 0.3369629  0.3191418  0.3659107
 0.4282719  0.36576664 0.4315185  0.4325705  0.4277664  0.4239337
 0.00704154 0.43181676]
Actions
[0 0 3 0 3 0 1 3 2 2 0 2 3 3 2 0 1 1 3 1 3 0 0 1 2 1 2 2 2 2 3 2]
Rewards
[0. 0. 0. 0. 0. 0. 0. 0. 0. 0. 0. 0. 0. 0. 0. 0. 0. 0. 0. 0. 0. 0. 0. 0.
 0. 0. 0. 0. 0. 0. 0. 0.]
Not terminated
[1 1 1 1 1 1 1 1 1 1 1 1 1 1 1 1 1 1 1 1 1 1 1 1 1 1 1 1 1 1 1 1]
Loss
0.015438198111951351
================= BATCH END =================

INFO:root:
================= BATCH START =================
Target Q
[0.344636   0.35452873 0.35294655 0.3515467  0.35095575 0.34909368
 0.34705606 0.3444525  0.35084838 0.3459052  0.34417054 0.34355858
 0.34949422 0.34539753 0.33595166 0.34209356 0.3539007  0.35057524
 0.35311145 0.3518677  0.35160688 0.34766597 0.34630203 0.34928012
 0.35811615 0.3518425  0.35408592 0.34968746 0.35294247 0.34898973
 0.34808275 0.3462482 ]
Current Q
[ 0.2909542   0.29457217  3.4562824  -0.21636656 -0.22014707  0.29425615
 -0.21079844  3.4597802   3.4593039  -0.21177727  0.29309273  0.29264075
  0.2915026   3.4621754   0.28691328  3.4519172   0.29444346  0.29482535
  0.2911659  -0.21302883  0.2935664  -0.21129881 -0.2153184  -0.21385793
 -0.21481755  3.4591808  -0.20908137  0.2857868   0.28456327  3.464054
  3.464085    3.4631064 ]
Actions
[0 1 3 2 2 0 2 3 3 2 0 1 1 3 1 3 0 0 1 2 1 2 2 2 2 3 2 0 0 3 3 3]
Rewards
[0. 0. 0. 0. 0. 0. 0. 0. 0. 0. 0. 0. 0. 0. 0. 0. 0. 0. 0. 0. 0. 0. 0. 0.
 0. 0. 0. 0. 0. 0. 0. 0.]
Not terminated
[1 1 1 1 1 1 1 1 1 1 1 1 1 1 1 1 1 1 1 1 1 1 1 1 1 1 1 1 1 1 1 1]
Loss
0.7850222587585449
================= BATCH END =================

INFO:root:
================= BATCH START =================
Target Q
[0.344636   0.35452873 0.35294655 0.3515467  0.35095575 0.34909368
 0.34705606 0.3444525  0.35084838 0.3459052  0.34417054 0.34355858
 0.34949422 0.34539753 0.33595166 0.34209356 0.3539007  0.35057524
 0.35311145 0.3518677  0.35160688 0.34766597 0.34630203 0.34928012
 0.35811615 0.3518425  0.35408592 0.34968746 0.35294247 0.34898973
 0.34808275 0.3462482 ]
Current Q
[ 4.3522182e-01  2.0879088e-03  5.6511199e-01  6.0956997e-01
  6.0875839e-01  4.3990102e-01  6.1881977e-01  5.6666678e-01
  5.7196009e-01  6.1695647e-01  4.3611282e-01  4.8828674e-03
  1.2646546e-05  5.7038069e-01 -5.9523142e-04  5.6669605e-01
  4.4145632e-01  4.4194445e-01 -5.4535763e-03  6.1257905e-01
 -6.9590183e-03  6.1375755e-01  6.1528152e-01  6.1462152e-01
  6.1556447e-01  5.6535637e-01  6.1660206e-01  4.3491408e-01
  4.3487513e-01  5.6352967e-01  5.6506336e-01  5.6270552e-01]
Actions
[0 1 3 2 2 0 2 3 3 2 0 1 1 3 1 3 0 0 1 2 1 2 2 2 2 3 2 0 0 3 3 3]
Rewards
[0. 0. 0. 0. 0. 0. 0. 0. 0. 0. 0. 0. 0. 0. 0. 0. 0. 0. 0. 0. 0. 0. 0. 0.
 0. 0. 0. 0. 0. 0. 0. 0.]
Not terminated
[1 1 1 1 1 1 1 1 1 1 1 1 1 1 1 1 1 1 1 1 1 1 1 1 1 1 1 1 1 1 1 1]
Loss
0.029895886778831482
================= BATCH END =================

INFO:root:
================= BATCH START =================
Target Q
[0.3515467  0.35095575 0.34909368 0.34705606 0.3444525  0.35084838
 0.3459052  0.34417054 0.34355858 0.34949422 0.34539753 0.33595166
 0.34209356 0.3539007  0.35057524 0.35311145 0.3518677  0.35160688
 0.34766597 0.34630203 0.34928012 0.35811615 0.3518425  0.35408592
 0.34968746 0.35294247 0.34898973 0.34808275 0.34624824 0.3429797
 0.33662918 0.34125257]
Current Q
[-3.5875037e-01 -3.5877180e-01 -6.3139186e-03 -3.5546106e-01
  1.5160654e-01  1.5468493e-01 -3.5442838e-01  1.4206382e-03
  8.8124579e-01  8.7683171e-01  1.5629475e-01  8.7918806e-01
  1.5229562e-01  1.4239235e-04 -2.2186446e-03  8.7880057e-01
 -3.5295382e-01  8.7884527e-01 -3.5460046e-01 -3.5573512e-01
 -3.5556108e-01 -3.5567224e-01  1.5392499e-01 -3.5225219e-01
  8.2219054e-04 -3.8651405e-03  1.5059477e-01  1.5059750e-01
  1.5164286e-01  1.5531071e-01  8.7992150e-01 -3.5191935e-01]
Actions
[2 2 0 2 3 3 2 0 1 1 3 1 3 0 0 1 2 1 2 2 2 2 3 2 0 0 3 3 3 3 1 2]
Rewards
[0. 0. 0. 0. 0. 0. 0. 0. 0. 0. 0. 0. 0. 0. 0. 0. 0. 0. 0. 0. 0. 0. 0. 0.
 0. 0. 0. 0. 0. 0. 0. 0.]
Not terminated
[1 1 1 1 1 1 1 1 1 1 1 1 1 1 1 1 1 1 1 1 1 1 1 1 1 1 1 1 1 1 1 1]
Loss
0.12895351648330688
================= BATCH END =================

INFO:root:
================= BATCH START =================
Target Q
[0.3444525  0.35084838 0.3459052  0.34417054 0.34355858 0.34949422
 0.34539753 0.33595166 0.34209356 0.3539007  0.35057524 0.35311145
 0.3518677  0.35160688 0.34766597 0.34630203 0.34928012 0.35811615
 0.3518425  0.35408592 0.34968746 0.35294247 0.34898973 0.34808275
 0.34624824 0.3429797  0.3366291  0.34125257 0.33786672 0.34663865
 0.34327543 0.33676904]
Current Q
[0.16522343 0.16518158 0.5750415  0.24325153 0.27120176 0.26891282
 0.16347526 0.27071267 0.16209641 0.24365671 0.24387915 0.26550785
 0.58065176 0.2655538  0.57898057 0.5780138  0.5780517  0.5757748
 0.16511783 0.5816253  0.24586236 0.24605256 0.16487268 0.1622213
 0.16511242 0.16892022 0.26551098 0.5800595  0.16863142 0.5793373
 0.16731212 0.24602507]
Actions
[3 3 2 0 1 1 3 1 3 0 0 1 2 1 2 2 2 2 3 2 0 0 3 3 3 3 1 2 3 2 3 0]
Rewards
[0. 0. 0. 0. 0. 0. 0. 0. 0. 0. 0. 0. 0. 0. 0. 0. 0. 0. 0. 0. 0. 0. 0. 0.
 0. 0. 0. 0. 0. 0. 0. 0.]
Not terminated
[1 1 1 1 1 1 1 1 1 1 1 1 1 1 1 1 1 1 1 1 1 1 1 1 1 1 1 1 1 1 1 1]
Loss
0.014579689130187035
================= BATCH END =================

INFO:root:
================= BATCH START =================
Target Q
[0.35084838 0.3459052  0.34417054 0.34355858 0.34949422 0.34539753
 0.33595166 0.34209356 0.3539007  0.35057524 0.35311145 0.3518677
 0.35160688 0.34766597 0.34630203 0.34928012 0.35811615 0.3518425
 0.35408592 0.34968746 0.35294247 0.34898973 0.34808275 0.34624824
 0.3429797  0.3366291  0.34125257 0.33786672 0.34663865 0.34327546
 0.33676898 0.34246337]
Current Q
[ 0.44488272 -0.2093958   0.35714436  0.46813917  0.4690851   0.44186497
  0.46478537  0.4376789   0.36266392  0.35823765  0.46263748 -0.20358323
  0.46462083 -0.20655847 -0.2081746  -0.20799187 -0.20910734  0.44298288
 -0.20485191  0.35626256  0.35821298  0.44087535  0.44145924  0.44345728
  0.44444773  0.4680518  -0.20761885  0.44026282 -0.20706336  0.442987
  0.35880625  0.4414771 ]
Actions
[3 2 0 1 1 3 1 3 0 0 1 2 1 2 2 2 2 3 2 0 0 3 3 3 3 1 2 3 2 3 0 3]
Rewards
[0. 0. 0. 0. 0. 0. 0. 0. 0. 0. 0. 0. 0. 0. 0. 0. 0. 0. 0. 0. 0. 0. 0. 0.
 0. 0. 0. 0. 0. 0. 0. 0.]
Not terminated
[1 1 1 1 1 1 1 1 1 1 1 1 1 1 1 1 1 1 1 1 1 1 1 1 1 1 1 1 1 1 1 1]
Loss
0.046501509845256805
================= BATCH END =================

INFO:root:
================= BATCH START =================
Target Q
[0.34209356 0.3539007  0.35057524 0.35311145 0.3518677  0.35160688
 0.34766597 0.34630203 0.34928012 0.35811615 0.3518425  0.35408592
 0.34968746 0.35294247 0.34898973 0.34808275 0.34624824 0.3429797
 0.3366291  0.34125257 0.33786672 0.34663865 0.34327546 0.33676893
 0.34246328 0.3391356  0.3353812  0.34527254 0.34672958 0.34462735
 0.34418496 0.3474211 ]
Current Q
[0.18909532 0.28296372 0.28296703 0.28653252 0.50814414 0.2893793
 0.51168036 0.5136046  0.5116665  0.51118034 0.19061391 0.5147656
 0.28092024 0.2810144  0.18563367 0.18407455 0.18914533 0.18972144
 0.29192987 0.51962817 0.1865307  0.5146833  0.18845037 0.28355196
 0.18810363 0.2853992  0.28242654 0.1884407  0.28502095 0.18827993
 0.18641372 0.18530731]
Actions
[3 0 0 1 2 1 2 2 2 2 3 2 0 0 3 3 3 3 1 2 3 2 3 0 3 0 0 3 0 3 3 3]
Rewards
[0. 0. 0. 0. 0. 0. 0. 0. 0. 0. 0. 0. 0. 0. 0. 0. 0. 0. 0. 0. 0. 0. 0. 0.
 0. 0. 0. 0. 0. 0. 0. 0.]
Not terminated
[1 1 1 1 1 1 1 1 1 1 1 1 1 1 1 1 1 1 1 1 1 1 1 1 1 1 1 1 1 1 1 1]
Loss
0.009049944579601288
================= BATCH END =================

INFO:root:
================= BATCH START =================
Target Q
[0.35811615 0.3518425  0.35408592 0.34968746 0.35294247 0.34898973
 0.34808275 0.34624824 0.3429797  0.3366291  0.34125257 0.33786672
 0.34663865 0.34327546 0.33676893 0.34246328 0.3391356  0.3353812
 0.34527254 0.34672958 0.34462735 0.34418488 0.34742108 0.3440061
 0.3447215  0.3477671  0.34709865 0.34264198 0.33825317 0.34452158
 0.34436616 0.3414804 ]
Current Q
[0.19148752 0.7245085  0.19000089 0.4051965  0.40523252 0.7280948
 0.72594994 0.7297348  0.7284819  0.6095382  0.19251549 0.72549856
 0.1938964  0.72598374 0.40553433 0.7265496  0.4071471  0.40529504
 0.72873145 0.4068025  0.7280384  0.7252583  0.72415304 0.40644363
 0.40786132 0.40803522 0.7247906  0.18873085 0.7230487  0.61058885
 0.18499218 0.40605447]
Actions
[2 3 2 0 0 3 3 3 3 1 2 3 2 3 0 3 0 0 3 0 3 3 3 0 0 0 3 2 3 1 2 0]
Rewards
[0. 0. 0. 0. 0. 0. 0. 0. 0. 0. 0. 0. 0. 0. 0. 0. 0. 0. 0. 0. 0. 0. 0. 0.
 0. 0. 0. 0. 0. 0. 0. 0.]
Not terminated
[1 1 1 1 1 1 1 1 1 1 1 1 1 1 1 1 1 1 1 1 1 1 1 1 1 1 1 1 1 1 1 1]
Loss
0.03704793006181717
================= BATCH END =================

INFO:root:
================= BATCH START =================
Target Q
[0.34209356 0.3539007  0.35057524 0.35311145 0.3518677  0.35160688
 0.34766597 0.34630203 0.34928012 0.35811615 0.3518425  0.35408592
 0.34968746 0.35294247 0.34898973 0.34808275 0.34624824 0.3429797
 0.3366291  0.34125257 0.33786672 0.34663865 0.34327546 0.33676893
 0.34246328 0.3391356  0.3353812  0.34527254 0.34672958 0.34462735
 0.34418496 0.3474211 ]
Current Q
[-0.04525426  0.2002084   0.19756575  0.09087843  0.10582384  0.0898964
  0.10383943  0.1058735   0.10590179  0.10590835 -0.04467477  0.10759488
  0.19993839  0.19941637 -0.04460705 -0.04568474 -0.04255835 -0.04218982
  0.08851799  0.10918763 -0.04506934  0.10755359 -0.04421835  0.19906637
 -0.04405532  0.19843361  0.19866954 -0.04540063  0.19762343 -0.04487268
 -0.04574823 -0.04532386]
Actions
[3 0 0 1 2 1 2 2 2 2 3 2 0 0 3 3 3 3 1 2 3 2 3 0 3 0 0 3 0 3 3 3]
Rewards
[0. 0. 0. 0. 0. 0. 0. 0. 0. 0. 0. 0. 0. 0. 0. 0. 0. 0. 0. 0. 0. 0. 0. 0.
 0. 0. 0. 0. 0. 0. 0. 0.]
Not terminated
[1 1 1 1 1 1 1 1 1 1 1 1 1 1 1 1 1 1 1 1 1 1 1 1 1 1 1 1 1 1 1 1]
Loss
0.044023748487234116
================= BATCH END =================

INFO:root:
================= BATCH START =================
Target Q
[0.34736773 0.3474437  0.34698325 0.3452847  0.344636   0.35452873
 0.35294655 0.3515467  0.35095575 0.34909368 0.34705606 0.3444525
 0.35084838 0.3459052  0.34417054 0.34355858 0.34949422 0.34539753
 0.33595166 0.34209356 0.3539007  0.35057524 0.35311145 0.3518677
 0.35160688 0.34766597 0.34630203 0.34928012 0.35811615 0.3518425
 0.35408583 0.34968755]
Current Q
[0.37996158 0.6160355  0.38225305 0.61699086 0.38064548 0.38566184
 0.6169143  0.30210358 0.30195865 0.38214362 0.2999309  0.6181989
 0.61451846 0.30046746 0.38157645 0.38607648 0.38217238 0.61365193
 0.37927374 0.61500263 0.38255557 0.3811052  0.38361657 0.30271712
 0.3834186  0.29906934 0.30178744 0.30447087 0.30100265 0.6190783
 0.3004828  0.37981966]
Actions
[0 3 0 3 0 1 3 2 2 0 2 3 3 2 0 1 1 3 1 3 0 0 1 2 1 2 2 2 2 3 2 0]
Rewards
[0. 0. 0. 0. 0. 0. 0. 0. 0. 0. 0. 0. 0. 0. 0. 0. 0. 0. 0. 0. 0. 0. 0. 0.
 0. 0. 0. 0. 0. 0. 0. 0.]
Not terminated
[1 1 1 1 1 1 1 1 1 1 1 1 1 1 1 1 1 1 1 1 1 1 1 1 1 1 1 1 1 1 1 1]
Loss
0.009662674739956856
================= BATCH END =================

INFO:root:
================= BATCH START =================
Target Q
[0.35294247 0.34898973 0.34808275 0.34624824 0.3429797  0.3366291
 0.34125257 0.33786672 0.34663865 0.34327546 0.33676893 0.34246328
 0.3391356  0.3353812  0.34527254 0.34672958 0.34462735 0.34418488
 0.34742108 0.3440061  0.3447215  0.3477671  0.34709865 0.34264198
 0.33825317 0.34452158 0.34436628 0.34148034 0.34523255 0.34873906
 0.34625837 0.343155  ]
Current Q
[0.15277931 0.02282044 0.0230413  0.02374878 0.02542959 0.09879953
 0.22430943 0.0220205  0.22635822 0.02106418 0.15546572 0.02206467
 0.1536743  0.15354568 0.02121451 0.1538209  0.02060275 0.02033203
 0.02325758 0.15258089 0.1522941  0.15254939 0.02350318 0.22343357
 0.02240744 0.09952591 0.22223529 0.15359849 0.0223837  0.02362571
 0.22178626 0.15198469]
Actions
[0 3 3 3 3 1 2 3 2 3 0 3 0 0 3 0 3 3 3 0 0 0 3 2 3 1 2 0 3 3 2 0]
Rewards
[0. 0. 0. 0. 0. 0. 0. 0. 0. 0. 0. 0. 0. 0. 0. 0. 0. 0. 0. 0. 0. 0. 0. 0.
 0. 0. 0. 0. 0. 0. 0. 0.]
Not terminated
[1 1 1 1 1 1 1 1 1 1 1 1 1 1 1 1 1 1 1 1 1 1 1 1 1 1 1 1 1 1 1 1]
Loss
0.032938651740550995
================= BATCH END =================

INFO:root:
================= BATCH START =================
Target Q
[0.34968746 0.35294247 0.34898973 0.34808275 0.34624824 0.3429797
 0.3366291  0.34125257 0.33786672 0.34663865 0.34327546 0.33676893
 0.34246328 0.3391356  0.3353812  0.34527254 0.34672958 0.34462735
 0.34418488 0.34742108 0.3440061  0.3447215  0.3477671  0.34709865
 0.34264198 0.33825317 0.34452158 0.34436628 0.34148034 0.34523255
 0.34873888 0.34625834]
Current Q
[0.42219466 0.4248917  0.34529006 0.3440729  0.34991407 0.3497362
 0.22658277 0.35607535 0.34645635 0.3519419  0.34509152 0.42423052
 0.3458401  0.42653295 0.42425406 0.34411842 0.4266789  0.34518793
 0.34273028 0.344694   0.4242403  0.42723942 0.42703408 0.34371048
 0.35158697 0.3440252  0.23025382 0.3506409  0.42749298 0.34543568
 0.34502143 0.34666637]
Actions
[0 0 3 3 3 3 1 2 3 2 3 0 3 0 0 3 0 3 3 3 0 0 0 3 2 3 1 2 0 3 3 2]
Rewards
[0. 0. 0. 0. 0. 0. 0. 0. 0. 0. 0. 0. 0. 0. 0. 0. 0. 0. 0. 0. 0. 0. 0. 0.
 0. 0. 0. 0. 0. 0. 0. 0.]
Not terminated
[1 1 1 1 1 1 1 1 1 1 1 1 1 1 1 1 1 1 1 1 1 1 1 1 1 1 1 1 1 1 1 1]
Loss
0.0014487835578620434
================= BATCH END =================

INFO:root:
================= BATCH START =================
Target Q
[0.35811615 0.3518425  0.35408592 0.34968746 0.35294247 0.34898973
 0.34808275 0.34624824 0.3429797  0.3366291  0.34125257 0.33786672
 0.34663865 0.34327546 0.33676893 0.34246328 0.3391356  0.3353812
 0.34527254 0.34672958 0.34462735 0.34418488 0.34742108 0.3440061
 0.3447215  0.3477671  0.34709865 0.34264198 0.33825317 0.34452158
 0.34436616 0.3414804 ]
Current Q
[ 0.2611226   0.14707789  0.26361045 -0.10477345 -0.10483913  0.146619
  0.14627334  0.1498342   0.1490596   0.22302894  0.26583165  0.14855672
  0.26609173  0.14886959 -0.10245499  0.14723463 -0.10300803 -0.10274509
  0.14772387 -0.10411234  0.14825304  0.14724943  0.1472808  -0.10637911
 -0.10481343 -0.10501805  0.14783698  0.26591897  0.14682059  0.22792163
  0.26397035 -0.10309564]
Actions
[2 3 2 0 0 3 3 3 3 1 2 3 2 3 0 3 0 0 3 0 3 3 3 0 0 0 3 2 3 1 2 0]
Rewards
[0. 0. 0. 0. 0. 0. 0. 0. 0. 0. 0. 0. 0. 0. 0. 0. 0. 0. 0. 0. 0. 0. 0. 0.
 0. 0. 0. 0. 0. 0. 0. 0.]
Not terminated
[1 1 1 1 1 1 1 1 1 1 1 1 1 1 1 1 1 1 1 1 1 1 1 1 1 1 1 1 1 1 1 1]
Loss
0.04094140976667404
================= BATCH END =================

INFO:root:
================= BATCH START =================
Target Q
[0.35311145 0.3518677  0.35160688 0.34766597 0.34630203 0.34928012
 0.35811615 0.3518425  0.35408592 0.34968746 0.35294247 0.34898973
 0.34808275 0.34624824 0.3429797  0.3366291  0.34125257 0.33786672
 0.34663865 0.34327546 0.33676893 0.34246328 0.3391356  0.3353812
 0.34527254 0.34672958 0.34462735 0.34418488 0.34742108 0.3440061
 0.34472156 0.34776717]
Current Q
[0.31165406 0.31486568 0.3122932  0.31137094 0.31419608 0.31601122
 0.31448498 0.41517368 0.31651777 0.31554204 0.3187943  0.41492712
 0.4139809  0.418378   0.4202908  0.3125123  0.317508   0.41624326
 0.3172296  0.41414273 0.3187812  0.41445678 0.31792527 0.31555337
 0.41421905 0.31793532 0.41629064 0.41463244 0.41439158 0.31612176
 0.31677645 0.31593937]
Actions
[1 2 1 2 2 2 2 3 2 0 0 3 3 3 3 1 2 3 2 3 0 3 0 0 3 0 3 3 3 0 0 0]
Rewards
[0. 0. 0. 0. 0. 0. 0. 0. 0. 0. 0. 0. 0. 0. 0. 0. 0. 0. 0. 0. 0. 0. 0. 0.
 0. 0. 0. 0. 0. 0. 0. 0.]
Not terminated
[1 1 1 1 1 1 1 1 1 1 1 1 1 1 1 1 1 1 1 1 1 1 1 1 1 1 1 1 1 1 1 1]
Loss
0.0012481097364798188
================= BATCH END =================

INFO:root:
================= BATCH START =================
Target Q
[0.34246328 0.3391356  0.3353812  0.34527254 0.34672958 0.34462735
 0.34418488 0.34742108 0.3440061  0.3447215  0.3477671  0.34709865
 0.34264198 0.33825317 0.34452158 0.34436628 0.34148034 0.34523255
 0.34873906 0.34625843 0.34315503 0.34657413 0.3461822  0.34467843
 0.34741846 0.34734404 0.34884775 0.34573463 0.34494993 0.34722242
 0.3460332  0.34590375]
Current Q
[-0.03448517  0.60380954  0.6029082  -0.03418027  0.60249954 -0.033108
 -0.03485923 -0.03514771  0.6011481   0.6031641   0.60226583 -0.03684054
  0.54227597 -0.03708178  0.37564695  0.53914404  0.6043137  -0.03519053
 -0.03457344  0.5366441   0.6021775  -0.03386113  0.5339382  -0.03544097
  0.37017497  0.3738486  -0.03755499  0.3725746   0.373767    0.37431768
  0.37655655  0.37636474]
Actions
[3 0 0 3 0 3 3 3 0 0 0 3 2 3 1 2 0 3 3 2 0 3 2 3 1 1 3 1 1 1 1 1]
Rewards
[0. 0. 0. 0. 0. 0. 0. 0. 0. 0. 0. 0. 0. 0. 0. 0. 0. 0. 0. 0. 0. 0. 0. 0.
 0. 0. 0. 0. 0. 0. 0. 0.]
Not terminated
[1 1 1 1 1 1 1 1 1 1 1 1 1 1 1 1 1 1 1 1 1 1 1 1 1 1 1 1 1 1 1 1]
Loss
0.038027822971343994
================= BATCH END =================

